-------------------------------------------------------------------------------
Test set: org.jmg.toukiapi.testingrestdocs.TravelPayoutsTest
-------------------------------------------------------------------------------
Tests run: 2, Failures: 0, Errors: 1, Skipped: 0, Time elapsed: 2.746 s <<< FAILURE! - in org.jmg.toukiapi.testingrestdocs.TravelPayoutsTest
testGetVilles  Time elapsed: 0.801 s  <<< ERROR!
org.springframework.core.io.buffer.DataBufferLimitException: Exceeded limit on max bytes to buffer : 262144

