<?xml version="1.0" encoding="UTF-8"?>
<testsuite xmlns:xsi="http://www.w3.org/2001/XMLSchema-instance" xsi:noNamespaceSchemaLocation="https://maven.apache.org/surefire/maven-surefire-plugin/xsd/surefire-test-report.xsd" name="org.jmg.toukiapi.testingrestdocs.ObryanSoftwareTest" time="24.34" tests="2" errors="0" skipped="0" failures="0">
  <properties>
[...]
</properties>
  <testcase name="testInitSearchFlight" classname="org.jmg.toukiapi.testingrestdocs.ObryanSoftwareTest" time="3.574"/>
  <testcase name="testGetPrices" classname="org.jmg.toukiapi.testingrestdocs.ObryanSoftwareTest" time="0.669"/>
</testsuite>